activityparser-prod
  -MEMORY-
  disqusfirehoseworker
    30M/300M
  facebookworker
    30M/300M
  googleplusworker
    30M/300M
  instagramworker
    20M/300M
  lexisnexisworker
    30M/300M
  pinterestworker
    30M/300M
  redditworker
    30M/300M
  socialgistblogsworker
    75M/300M
  socialgistnewsworker
    75M/300M
  socialgistredditworker
    75M/300M
  socialgistreviewsworker
    30M/300M
  socialgistvideoworker
    75M/300M
  socialgistweiboworker
    30M/300M
  stackoverflowworker
    30M/300M
  tumblrworker
    150M/300M
  twittersearchworker
    30M/300M
  twitterworker
    30M/300M
  vkworker
    30M/300M
  webhoseworker
    100M/300M
  wordpressfirehoseworker
    75M/300M
  youtubeworker
    30M/300M
  -CPU-
  disqusfirehoseworker
    500m/1000m
  facebookworker
    500m/1000m
  googleplusworker
    500m/1000m
  instagramworker
    500m/1000m
  lexisnexisworker
    500m/1000m
  pinterestworker
    500m/1000m
  redditworker
    500m/1000m
  socialgistblogsworker
    500m/1000m
  socialgistnewsworker
    500m/1000m
  socialgistredditworker
    500m/1000m
  socialgistreviewsworker
    500m/1000m
  socialgistvideoworker
    500m/1000m
  socialgistweiboworker
    500m/1000m
  stackoverflowworker
    500m/1000m
  tumblrworker
    500m/1000m
  twittersearchworker
    500m/1000m
  twitterworker
    500m/1000m
  vkworker
    500m/1000m
  webhoseworker
    500m/1000m
  wordpressfirehoseworker
    500m/1000m
  youtubeworker
    500m/1000m
activityparser-stage
  -MEMORY-
  instagramworker
    20M/300M
  twittersearchworker
    30M/300M
  twitterworker
    30M/300M
  webhoseworker
    30M/300M
  -CPU-
  disqusfirehoseworker
    500m/1000m
  facebookworker
    500m/1000m
  googleplusworker
    500m/1000m
  instagramworker
    500m/1000m
  lexisnexisworker
    500m/1000m
  pinterestworker
    500m/1000m
  redditworker
    500m/1000m
  socialgistworker
    500m/1000m
  stackoverflowworker
    500m/1000m
  tumblrworker
    500m/1000m
  twittersearchworker
    500m/1000m
  twitterworker
    500m/1000m
  vkworker
    500m/1000m
  webhoseworker
    500m/1000m
  wordpressfirehoseworker
    500m/1000m
  youtubeworker
    500m/1000m
alerts-prod
  -MEMORY-
  Unlimited
  -CPU-
  Unlimited
alerts-stage
  -MEMORY-
  Unlimited
  -CPU-
  Unlimited
amir-prod
  -MEMORY-
  worker
    4096M/6192M
  -CPU-
  worker
    400m/1000m
amir-stage
  -MEMORY-
  worker
    4096M/6192M
  -CPU-
  worker
    100m/700m
archive-prod
  -MEMORY-
  Unlimited
  -CPU-
  Unlimited
archive-stage
  -MEMORY-
  Unlimited
  -CPU-
  Unlimited
bender
  -MEMORY-
  Unlimited
  -CPU-
  Unlimited
dagger-prod
  -MEMORY-
  worker
    2G/4G
  -CPU-
  worker
    100m/500m
dagger-stage
  -MEMORY-
  worker
    1G/2G
  -CPU-
  worker
    100m/500m
dash
  -MEMORY-
  Unlimited
  -CPU-
  Unlimited
datacollector-prod
  -MEMORY-
  Unlimited
  -CPU-
  googleplusworker
    100m/500m
  instagramworker
    100m/500m
  lexisnexisworker
    100m/500m
  multifacebookworker
    300m/800m
  pinterestworker
    100m/500m
  stackoverflowworker
    100m/500m
  vkworker
    100m/500m
datacollector-stage
  -MEMORY-
  Unlimited
  -CPU-
  googleplusworker
    100m/500m
  instagramworker
    100m/500m
  lexisnexisworker
    100m/500m
  multifacebookworker
    300m/800m
  pinterestworker
    100m/500m
  stackoverflowworker
    100m/500m
  vkworker
    100m/500m
datasource-prod
  -MEMORY-
  Unlimited
  -CPU-
  Unlimited
datasource-stage
  -MEMORY-
  Unlimited
  -CPU-
  Unlimited
dctokens-prod
  -MEMORY-
  Unlimited
  -CPU-
  Unlimited
dctokens-stage
  -MEMORY-
  Unlimited
  -CPU-
  Unlimited
ditto
  -MEMORY-
  Unlimited
  -CPU-
  Unlimited
elasticmatch-stage
  -MEMORY-
  Unlimited
  -CPU-
  Unlimited
engagements-prod
  -MEMORY-
  Unlimited
  -CPU-
  Unlimited
engagements-stage
  -MEMORY-
  Unlimited
  -CPU-
  Unlimited
falkenapi-prod
  -MEMORY-
  Unlimited
  -CPU-
  Unlimited
falkenapi-stage
  -MEMORY-
  Unlimited
  -CPU-
  Unlimited
flexo
  -MEMORY-
  Unlimited
  -CPU-
  Unlimited
followers-prod
  -MEMORY-
  Unlimited
  -CPU-
  Unlimited
followers-stage
  -MEMORY-
  Unlimited
  -CPU-
  Unlimited
gotonuvis-prod
  -MEMORY-
  Unlimited
  -CPU-
  Unlimited
indexmonitor-stage
  -MEMORY-
  Unlimited
  -CPU-
  Unlimited
mentiontracker-prod
  -MEMORY-
  Unlimited
  -CPU-
  Unlimited
mentiontracker-stage
  -MEMORY-
  Unlimited
  -CPU-
  Unlimited
monitors-logstash-prod
  -MEMORY-
  falkenenriched
    2G/4G
  throttlelog
    2G/4G
  -CPU-
  falkenenriched
    200m/1000m
  throttlelog
    200m/1000m
monitors-logstash-stage
  -MEMORY-
  Unlimited
  -CPU-
  Unlimited
powertrack-prod
  -MEMORY-
  Unlimited
  -CPU-
  Unlimited
powertrack-stage
  -MEMORY-
  Unlimited
  -CPU-
  Unlimited
publishings-prod
  -MEMORY-
  Unlimited
  -CPU-
  Unlimited
publishings-stage
  -MEMORY-
  Unlimited
  -CPU-
  Unlimited
puppeteer
  -MEMORY-
  Unlimited
  -CPU-
  Unlimited
socialdatawarehouse-pr
  -MEMORY-
  statworker
    200M/600M
  -CPU-
  statworker
    100m/500m
socialdatawarehouse-st
  -MEMORY-
  statworker
    200M/600M
  -CPU-
  statworker
    100m/500m
socialgist-weibo-prod
  -MEMORY-
  Unlimited
  -CPU-
  Unlimited
socialgist-weibo-stage
  -MEMORY-
  Unlimited
  -CPU-
  Unlimited
socialtokens-prod
  -MEMORY-
  Unlimited
  -CPU-
  Unlimited
socialtokens-stage
  -MEMORY-
  Unlimited
  -CPU-
  Unlimited
streamanalysis-prod
  -MEMORY-
  Unlimited
  -CPU-
  Unlimited
streamanalysis-stage
  -MEMORY-
  Unlimited
  -CPU-
  Unlimited
streamer-prod
  -MEMORY-
  disqusfirehose
    65M/100M
  socialgistblogs
    65M/100M
  socialgistnews
    65M/100M
  tumblr
    65M/100M
  twitter
    65M/100M
  wordpresscomcomments
    65M/100M
  wordpresscomposts
    65M/100M
  wordpressorgcomments
    65M/100M
  wordpressorgposts
    65M/100M
  -CPU-
  disqusfirehose
    100m/500m
  socialgistblogs
    100m/500m
  socialgistnews
    100m/500m
  tumblr
    100m/500m
  twitter
    100m/500m
  wordpresscomcomments
    100m/500m
  wordpresscomposts
    100m/500m
  wordpressorgcomments
    100m/500m
  wordpressorgposts
    100m/500m
streamer-stage
  -MEMORY-
  disqusfirehose
    65M/100M
  socialgistblogs
    65M/100M
  socialgistnews
    65M/100M
  tumblr
    65M/100M
  twitter
    65M/100M
  wordpresscomcomments
    65M/100M
  wordpresscomposts
    65M/100M
  wordpressorgcomments
    65M/100M
  wordpressorgposts
    65M/100M
  -CPU-
  disqusfirehose
    100m/500m
  socialgistblogs
    100m/500m
  socialgistnews
    100m/500m
  tumblr
    100m/500m
  twitter
    100m/500m
  wordpresscomcomments
    100m/500m
  wordpresscomposts
    100m/500m
  wordpressorgcomments
    100m/500m
  wordpressorgposts
    100m/500m
tagger-prod
  -MEMORY-
  Unlimited
  -CPU-
  tagger
    500m/1000m
tagger-stage
  -MEMORY-
  Unlimited
  -CPU-
  tagger
    500m/1000m
throttle-prod
  -MEMORY-
  Unlimited
  -CPU-
  Unlimited
throttle-stage
  -MEMORY-
  Unlimited
  -CPU-
  Unlimited
topicmatcher-prod
  -MEMORY-
  disqusfirehoseworker
    1G/3G
  disqusworker
    1G/3G
  facebookworker
    1G/3G
  googleplusworker
    1G/3G
  instagramworker
    1G/3G
  lexisnexisworker
    1G/3G
  pinterestworker
    1G/3G
  redditworker
    1G/3G
  socialgistworker
    1G/3G
  stackoverflowworker
    1G/3G
  tumblrworker
    1G/3G
  twittersearchworker
    1G/3G
  twitterworker
    2G/4G
  vkworker
    1G/3G
  webhoseworker
    1G/3G
  wordpressfirehoseworker
    2G/4G
  wordpressworker
    2G/4G
  youtubeworker
    2G/3G
  -CPU-
  disqusfirehoseworker
    600m/1000m
  disqusworker
    600m/1000m
  facebookworker
    600m/1000m
  googleplusworker
    600m/1000m
  instagramworker
    600m/1000m
  lexisnexisworker
    600m/1000m
  pintrestworker
    600m/1000m
  redditworker
    600m/1000m
  socialgistworker
    600m/1000m
  stackoverflowworker
    600m/1000m
  tumblrworker
    600m/1000m
  twittersearchworker
    600m/1000m
  twitterworker
    600m/1000m
  vkworker
    600m/1000m
  webhoseworker
    600m/1000m
  wordpressfirehoseworker
    600m/1000m
  wordpressworker
    600m/1000m
  youtubeworker
    600m/1000m
topicmatcher-stage
  -MEMORY-
  disqusfirehoseworker
    1G/3G
  disqusworker
    1G/3G
  facebookworker
    1G/3G
  googleplusworker
    1G/3G
  instagramworker
    1G/3G
  lexisnexisworker
    1G/3G
  pinterestworker
    1G/3G
  redditworker
    1G/3G
  socialgistworker
    1G/3G
  stackoverflowworker
    1G/3G
  tumblrworker
    1G/3G
  twittersearchworker
    1G/3G
  twitterworker
    2G/4G
  vkworker
    1G/3G
  webhoseworker
    1G/3G
  wordpressfirehoseworker
    2G/4G
  wordpressworker
    2G/4G
  youtubeworker
    2G/3G
  -CPU-
  disqusfirehoseworker
    600m/1000m
  disqusworker
    600m/1000m
  facebookworker
    600m/1000m
  googleplusworker
    600m/1000m
  instagramworker
    600m/1000m
  lexisnexisworker
    600m/1000m
  pintrestworker
    600m/1000m
  redditworker
    600m/1000m
  socialgistworker
    600m/1000m
  stackoverflowworker
    600m/1000m
  tumblrworker
    600m/1000m
  twittersearchworker
    600m/1000m
  twitterworker
    600m/1000m
  vkworker
    600m/1000m
  webhoseworker
    600m/1000m
  wordpressfirehoseworker
    600m/1000m
  wordpressworker
    600m/1000m
  youtubeworker
    600m/1000m
twittersearch-demo
  -MEMORY-
  Unlimited
  -CPU-
  Unlimited
twittersearch-prod
  -MEMORY-
  Unlimited
  -CPU-
  Unlimited
twittersearch-stage
  -MEMORY-
  Unlimited
  -CPU-
  Unlimited
watchman-prod
  -MEMORY-
  tagger
    60M/512M
  -CPU-
  tagger
    40m/100m
watchman-stage
  -MEMORY-
  tagger
    60M/512M
  -CPU-
  tagger
    40m/100m
webhosedownloader-prod
  -MEMORY-
  Unlimited
  -CPU-
  Unlimited
webhosedownloader-stage
  -MEMORY-
  Unlimited
  -CPU-
  Unlimited
